2026-04-12 20:31:52 | INFO     | stride | Loading models...
2026-04-12 20:31:52 | INFO     | stride | All models loaded successfully.
2026-04-12 20:31:52 | INFO     | stride | Initializing federation manager...
2026-04-12 20:31:52 | INFO     | stride | Federation ready.
2026-04-12 20:31:52 | INFO     | stride | Using evolved model for inference.
2026-04-12 20:32:14 | INFO     | stride | Loading models...
2026-04-12 20:32:14 | INFO     | stride | All models loaded successfully.
2026-04-12 20:32:14 | INFO     | stride | Initializing federation manager...
2026-04-12 20:32:14 | INFO     | stride | Federation ready.
2026-04-12 20:32:14 | INFO     | stride | Using evolved model for inference.
2026-04-19 13:57:19 | INFO     | stride | Loading models...
2026-04-19 13:57:19 | INFO     | stride | All models loaded successfully.
2026-04-19 13:57:19 | INFO     | stride | Initializing federation manager...
2026-04-19 13:57:19 | INFO     | stride | Federation ready.
2026-04-19 13:57:19 | INFO     | stride | Using evolved model for inference.
2026-04-19 14:01:29 | INFO     | stride | Loading models...
2026-04-19 14:01:29 | INFO     | stride | All models loaded successfully.
2026-04-19 14:01:29 | INFO     | stride | Initializing federation manager...
2026-04-19 14:01:29 | INFO     | stride | Federation ready.
2026-04-19 14:01:29 | INFO     | stride | Using evolved model for inference.
2026-04-19 14:06:12 | INFO     | stride | Loading models...
2026-04-19 14:06:12 | INFO     | stride | All models loaded successfully.
2026-04-19 14:06:12 | INFO     | stride | Initializing federation manager...
2026-04-19 14:06:12 | INFO     | stride | Federation ready.
2026-04-19 14:06:12 | INFO     | stride | Using evolved model for inference.
2026-04-19 14:06:20 | INFO     | stride | Loading models...
2026-04-19 14:06:20 | INFO     | stride | All models loaded successfully.
2026-04-19 14:06:20 | INFO     | stride | Initializing federation manager...
2026-04-19 14:06:20 | INFO     | stride | Federation ready.
2026-04-19 14:06:20 | INFO     | stride | Using evolved model for inference.
2026-04-19 14:08:38 | INFO     | stride | Loading models...
2026-04-19 14:08:38 | INFO     | stride | All models loaded successfully.
2026-04-19 14:08:38 | INFO     | stride | Initializing federation manager...
2026-04-19 14:08:38 | INFO     | stride | Federation ready.
2026-04-19 14:08:38 | INFO     | stride | Using evolved model for inference.
2026-04-19 14:08:54 | INFO     | stride | Loading models...
2026-04-19 14:08:54 | INFO     | stride | All models loaded successfully.
2026-04-19 14:08:54 | INFO     | stride | Initializing federation manager...
2026-04-19 14:08:54 | INFO     | stride | Federation ready.
2026-04-19 14:08:54 | INFO     | stride | Using evolved model for inference.
2026-04-19 14:10:57 | INFO     | stride | Loading models...
2026-04-19 14:10:57 | INFO     | stride | All models loaded successfully.
2026-04-19 14:10:57 | INFO     | stride | Initializing federation manager...
2026-04-19 14:10:57 | INFO     | stride | Federation ready.
2026-04-19 14:10:57 | INFO     | stride | Using evolved model for inference.
2026-04-19 14:11:31 | INFO     | stride | Loading models...
2026-04-19 14:11:31 | INFO     | stride | All models loaded successfully.
2026-04-19 14:11:31 | INFO     | stride | Initializing federation manager...
2026-04-19 14:11:31 | INFO     | stride | Federation ready.
2026-04-19 14:11:31 | INFO     | stride | Using evolved model for inference.
2026-04-19 14:15:09 | INFO     | stride | Loading models...
2026-04-19 14:15:09 | INFO     | stride | All models loaded successfully.
2026-04-19 14:15:09 | INFO     | stride | Initializing federation manager...
2026-04-19 14:15:09 | INFO     | stride | Federation ready.
2026-04-19 14:15:09 | INFO     | stride | Using evolved model for inference.
2026-04-19 14:15:22 | INFO     | stride | Loading models...
2026-04-19 14:15:22 | INFO     | stride | All models loaded successfully.
2026-04-19 14:15:22 | INFO     | stride | Initializing federation manager...
2026-04-19 14:15:22 | INFO     | stride | Federation ready.
2026-04-19 14:15:22 | INFO     | stride | Using evolved model for inference.
2026-04-19 14:15:28 | INFO     | stride | Loading models...
2026-04-19 14:15:28 | INFO     | stride | All models loaded successfully.
2026-04-19 14:15:28 | INFO     | stride | Initializing federation manager...
2026-04-19 14:15:28 | INFO     | stride | Federation ready.
2026-04-19 14:15:28 | INFO     | stride | Using evolved model for inference.
2026-04-19 14:30:44 | INFO     | stride | Loading models...
2026-04-19 14:30:44 | INFO     | stride | All models loaded successfully.
2026-04-19 14:30:44 | INFO     | stride | Initializing federation manager...
2026-04-19 14:30:44 | INFO     | stride | Federation ready.
2026-04-19 14:30:44 | INFO     | stride | Using evolved model for inference.
2026-04-19 14:31:13 | INFO     | stride | Loading models...
2026-04-19 14:31:13 | INFO     | stride | All models loaded successfully.
2026-04-19 14:31:13 | INFO     | stride | Initializing federation manager...
2026-04-19 14:31:13 | INFO     | stride | Federation ready.
2026-04-19 14:31:13 | INFO     | stride | Using evolved model for inference.
2026-04-19 14:31:20 | INFO     | stride | Loading models...
2026-04-19 14:31:20 | INFO     | stride | All models loaded successfully.
2026-04-19 14:31:20 | INFO     | stride | Initializing federation manager...
2026-04-19 14:31:20 | INFO     | stride | Federation ready.
2026-04-19 14:31:20 | INFO     | stride | Using evolved model for inference.
2026-04-19 14:37:15 | INFO     | stride | Loading models...
2026-04-19 14:37:15 | INFO     | stride | All models loaded successfully.
2026-04-19 14:37:15 | INFO     | stride | Initializing federation manager...
2026-04-19 14:37:15 | INFO     | stride | Federation ready.
2026-04-19 14:37:15 | INFO     | stride | Using evolved model for inference.
2026-04-19 14:37:22 | INFO     | stride | Loading models...
2026-04-19 14:37:22 | INFO     | stride | All models loaded successfully.
2026-04-19 14:37:22 | INFO     | stride | Initializing federation manager...
2026-04-19 14:37:22 | INFO     | stride | Federation ready.
2026-04-19 14:37:22 | INFO     | stride | Using evolved model for inference.
2026-04-19 14:40:20 | INFO     | stride | Loading models...
2026-04-19 14:40:20 | INFO     | stride | All models loaded successfully.
2026-04-19 14:40:20 | INFO     | stride | Initializing federation manager...
2026-04-19 14:40:20 | INFO     | stride | Federation ready.
2026-04-19 14:40:20 | INFO     | stride | Using evolved model for inference.
2026-04-19 14:41:59 | INFO     | stride | Loading models...
2026-04-19 14:41:59 | INFO     | stride | All models loaded successfully.
2026-04-19 14:41:59 | INFO     | stride | Initializing federation manager...
2026-04-19 14:41:59 | INFO     | stride | Federation ready.
2026-04-19 14:42:00 | INFO     | stride | Using evolved model for inference.
2026-04-19 14:42:23 | INFO     | stride | Loading models...
2026-04-19 14:42:23 | INFO     | stride | All models loaded successfully.
2026-04-19 14:42:23 | INFO     | stride | Initializing federation manager...
2026-04-19 14:42:23 | INFO     | stride | Federation ready.
2026-04-19 14:42:23 | INFO     | stride | Using evolved model for inference.
2026-04-19 14:42:31 | INFO     | stride | Loading models...
2026-04-19 14:42:31 | INFO     | stride | All models loaded successfully.
2026-04-19 14:42:31 | INFO     | stride | Initializing federation manager...
2026-04-19 14:42:32 | INFO     | stride | Federation ready.
2026-04-19 14:42:32 | INFO     | stride | Using evolved model for inference.
2026-04-23 10:07:30 | INFO     | stride | Loading models...
2026-04-23 10:07:30 | INFO     | stride | All models loaded successfully.
2026-04-23 10:07:30 | INFO     | stride | Initializing federation manager...
2026-04-23 10:07:30 | INFO     | stride | Federation ready.
2026-04-23 10:07:30 | INFO     | stride | Using evolved model for inference.
